Determining if the pthread_create exist failed with the following output:
Change Dir: /home/xy/Dropbox/prog/NewSystem/build/CMakeFiles/CMakeTmp

Run Build Command:"/usr/bin/make" "cmTC_a42b1/fast"
/usr/bin/make -f CMakeFiles/cmTC_a42b1.dir/build.make CMakeFiles/cmTC_a42b1.dir/build
make[1]: Entering directory '/home/xy/Dropbox/prog/NewSystem/build/CMakeFiles/CMakeTmp'
Building CXX object CMakeFiles/cmTC_a42b1.dir/CheckSymbolExists.cxx.o
/usr/bin/c++     -o CMakeFiles/cmTC_a42b1.dir/CheckSymbolExists.cxx.o -c /home/xy/Dropbox/prog/NewSystem/build/CMakeFiles/CMakeTmp/CheckSymbolExists.cxx
Linking CXX executable cmTC_a42b1
/usr/local/bin/cmake -E cmake_link_script CMakeFiles/cmTC_a42b1.dir/link.txt --verbose=1
/usr/bin/c++       -rdynamic CMakeFiles/cmTC_a42b1.dir/CheckSymbolExists.cxx.o  -o cmTC_a42b1 
CMakeFiles/cmTC_a42b1.dir/CheckSymbolExists.cxx.o: In function `main':
CheckSymbolExists.cxx:(.text+0x16): undefined reference to `pthread_create'
collect2: error: ld returned 1 exit status
CMakeFiles/cmTC_a42b1.dir/build.make:86: recipe for target 'cmTC_a42b1' failed
make[1]: *** [cmTC_a42b1] Error 1
make[1]: Leaving directory '/home/xy/Dropbox/prog/NewSystem/build/CMakeFiles/CMakeTmp'
Makefile:126: recipe for target 'cmTC_a42b1/fast' failed
make: *** [cmTC_a42b1/fast] Error 2

File /home/xy/Dropbox/prog/NewSystem/build/CMakeFiles/CMakeTmp/CheckSymbolExists.cxx:
/* */
#include <pthread.h>

int main(int argc, char** argv)
{
  (void)argv;
#ifndef pthread_create
  return ((int*)(&pthread_create))[argc];
#else
  (void)argc;
  return 0;
#endif
}

Determining if the function pthread_create exists in the pthreads failed with the following output:
Change Dir: /home/xy/Dropbox/prog/NewSystem/build/CMakeFiles/CMakeTmp

Run Build Command:"/usr/bin/make" "cmTC_99c95/fast"
/usr/bin/make -f CMakeFiles/cmTC_99c95.dir/build.make CMakeFiles/cmTC_99c95.dir/build
make[1]: Entering directory '/home/xy/Dropbox/prog/NewSystem/build/CMakeFiles/CMakeTmp'
Building CXX object CMakeFiles/cmTC_99c95.dir/CheckFunctionExists.cxx.o
/usr/bin/c++    -DCHECK_FUNCTION_EXISTS=pthread_create   -o CMakeFiles/cmTC_99c95.dir/CheckFunctionExists.cxx.o -c /home/xy/Dropbox/prog/NewSystem/build/CMakeFiles/CheckLibraryExists/CheckFunctionExists.cxx
Linking CXX executable cmTC_99c95
/usr/local/bin/cmake -E cmake_link_script CMakeFiles/cmTC_99c95.dir/link.txt --verbose=1
/usr/bin/c++   -DCHECK_FUNCTION_EXISTS=pthread_create    -rdynamic CMakeFiles/cmTC_99c95.dir/CheckFunctionExists.cxx.o  -o cmTC_99c95 -lpthreads 
/usr/bin/ld: cannot find -lpthreads
collect2: error: ld returned 1 exit status
CMakeFiles/cmTC_99c95.dir/build.make:86: recipe for target 'cmTC_99c95' failed
make[1]: *** [cmTC_99c95] Error 1
make[1]: Leaving directory '/home/xy/Dropbox/prog/NewSystem/build/CMakeFiles/CMakeTmp'
Makefile:126: recipe for target 'cmTC_99c95/fast' failed
make: *** [cmTC_99c95/fast] Error 2


